0 info it worked if it ends with ok
1 verbose cli [ '/opt/node-v4.2.0/bin/node',
1 verbose cli   '/opt/node-v4.2.0/bin/npm',
1 verbose cli   'version',
1 verbose cli   'minor' ]
2 info using npm@3.6.0
3 info using node@v4.2.0
4 info git [ 'status', '--porcelain' ]
5 verbose stack Error: Git working directory not clean.
5 verbose stack AM .gitignore
5 verbose stack AM README.md
5 verbose stack     at /opt/node-v4.2.0/lib/node_modules/npm/lib/version.js:246:19
5 verbose stack     at ChildProcess.exithandler (child_process.js:194:7)
5 verbose stack     at emitTwo (events.js:87:13)
5 verbose stack     at ChildProcess.emit (events.js:172:7)
5 verbose stack     at maybeClose (internal/child_process.js:818:16)
5 verbose stack     at Socket.<anonymous> (internal/child_process.js:319:11)
5 verbose stack     at emitOne (events.js:77:13)
5 verbose stack     at Socket.emit (events.js:169:7)
5 verbose stack     at Pipe._onclose (net.js:469:12)
6 verbose cwd /home/yotam/workspace/laravel-elixir-css-rtl
7 error Linux 4.4.0-38-generic
8 error argv "/opt/node-v4.2.0/bin/node" "/opt/node-v4.2.0/bin/npm" "version" "minor"
9 error node v4.2.0
10 error npm  v3.6.0
11 error Git working directory not clean.
11 error AM .gitignore
11 error AM README.md
12 error If you need help, you may report this error at:
12 error     <https://github.com/npm/npm/issues>
13 verbose exit [ 1, true ]
